
> war-goat@0.1.0 build
> tsc -b && vite build

src/components/InterestDetail.tsx(21,62): error TS2305: Module '"../types"' has no exported member 'ArticleSummary'.
src/components/InterestDetail.tsx(367,53): error TS7006: Parameter 'point' implicitly has an 'any' type.
src/components/InterestDetail.tsx(367,60): error TS7006: Parameter 'i' implicitly has an 'any' type.
src/components/InterestDetail.tsx(377,57): error TS7006: Parameter 'tag' implicitly has an 'any' type.
src/components/InterestDetail.tsx(377,62): error TS7006: Parameter 'i' implicitly has an 'any' type.
src/services/api.ts(13,3): error TS2305: Module '"../types"' has no exported member 'ArticleSummary'.
